<?xml version="1.0" encoding="UTF-8"?>
<Site BuildName="Linux-g++"
	BuildStamp="20231020-1830-Experimental"
	Name="nico-MS-7D38"
	Generator="ctest-3.22.1"
	CompilerName="/usr/bin/g++"
	CompilerVersion="11.4.0"
	OSName="Linux"
	Hostname="nico-MS-7D38"
	OSRelease="6.2.0-34-generic"
	OSVersion="#34~22.04.1-Ubuntu SMP PREEMPT_DYNAMIC Thu Sep  7 13:12:03 UTC 2"
	OSPlatform="x86_64"
	Is64Bits="1"
	VendorString="GenuineIntel"
	VendorID="Intel Corporation"
	FamilyID="6"
	ModelID="167"
	ProcessorCacheSize="16384"
	NumberOfLogicalCPU="16"
	NumberOfPhysicalCPU="8"
	TotalVirtualMemory="0"
	TotalPhysicalMemory="31967"
	LogicalProcessorsPerPhysical="2"
	ProcessorClockFrequency="4606.9"
	>
	<Testing>
		<StartDateTime>Oct 20 15:49 -03</StartDateTime>
		<StartTestTime>1697827742</StartTestTime>
		<TestList/>
		<EndDateTime>Oct 20 15:49 -03</EndDateTime>
		<EndTestTime>1697827742</EndTestTime>
		<ElapsedMinutes>0</ElapsedMinutes>
	</Testing>
</Site>
