<?xml version="1.0" encoding="UTF-8"?>
<Site BuildName="Linux-c++"
	BuildStamp="20231208-1318-Experimental"
	Name="nicolas"
	Generator="ctest-3.22.1"
	CompilerName="/usr/bin/c++"
	CompilerVersion="11.4.0"
	OSName="Linux"
	Hostname="nicolas"
	OSRelease="5.15.133.1-microsoft-standard-WSL2"
	OSVersion="#1 SMP Thu Oct 5 21:02:42 UTC 2023"
	OSPlatform="x86_64"
	Is64Bits="1"
	VendorString="GenuineIntel"
	VendorID="Intel Corporation"
	FamilyID="6"
	ModelID="167"
	ProcessorCacheSize="16384"
	NumberOfLogicalCPU="16"
	NumberOfPhysicalCPU="8"
	TotalVirtualMemory="8192"
	TotalPhysicalMemory="31980"
	LogicalProcessorsPerPhysical="2"
	ProcessorClockFrequency="3600"
	>
	<Testing>
		<StartDateTime>Dec 08 10:31 -03</StartDateTime>
		<StartTestTime>1702042274</StartTestTime>
		<TestList/>
		<EndDateTime>Dec 08 10:31 -03</EndDateTime>
		<EndTestTime>1702042274</EndTestTime>
		<ElapsedMinutes>0</ElapsedMinutes>
	</Testing>
</Site>
